<?xml version="1.0" encoding="UTF-8"?>
<testng-results skipped="0" failed="0" total="1" passed="1">
  <reporter-output>
  </reporter-output>
  <suite name="Suite" duration-ms="28792" started-at="2018-04-04T07:10:29Z" finished-at="2018-04-04T07:10:58Z">
    <groups>
      <group name="cucumber">
        <method signature="AbstractTestNGCucumberTests.feature(cucumber.api.testng.CucumberFeatureWrapper)[pri:0, instance:runners.TestRunner@5bcf4b61]" name="feature" class="cucumber.api.testng.AbstractTestNGCucumberTests"/>
      </group> <!-- cucumber -->
    </groups>
    <test name="Test" duration-ms="28792" started-at="2018-04-04T07:10:29Z" finished-at="2018-04-04T07:10:58Z">
      <class name="runners.TestRunner">
        <test-method status="PASS" signature="setUpClass()[pri:0, instance:runners.TestRunner@5bcf4b61]" name="setUpClass" is-config="true" duration-ms="518" started-at="2018-04-04T12:40:29Z" finished-at="2018-04-04T12:40:30Z">
          <reporter-output>
          </reporter-output>
        </test-method> <!-- setUpClass -->
        <test-method status="PASS" signature="feature(cucumber.api.testng.CucumberFeatureWrapper)[pri:0, instance:runners.TestRunner@5bcf4b61]" name="feature" duration-ms="28092" started-at="2018-04-04T12:40:30Z" description="Runs Cucumber Feature" data-provider="features" finished-at="2018-04-04T12:40:58Z">
          <params>
            <param index="0">
              <value>
                <![CDATA[Title of your feature]]>
              </value>
            </param>
          </params>
          <reporter-output>
          </reporter-output>
        </test-method> <!-- feature -->
        <test-method status="PASS" signature="tearDownClass()[pri:0, instance:runners.TestRunner@5bcf4b61]" name="tearDownClass" is-config="true" duration-ms="3" started-at="2018-04-04T12:40:58Z" finished-at="2018-04-04T12:40:58Z">
          <reporter-output>
          </reporter-output>
        </test-method> <!-- tearDownClass -->
      </class> <!-- runners.TestRunner -->
    </test> <!-- Test -->
  </suite> <!-- Suite -->
</testng-results>
